#
# A fatal error has been detected by the Java Runtime Environment:
#
#  EXCEPTION_ACCESS_VIOLATION (0xc0000005) at pc=0x00007ffc984938e5, pid=43324, tid=0x000000000000a960
#
# JRE version: Java(TM) SE Runtime Environment (8.0_191-b12) (build 1.8.0_191-b12)
# Java VM: Java HotSpot(TM) 64-Bit Server VM (25.191-b12 mixed mode windows-amd64 compressed oops)
# Problematic frame:
# C  [OpenAL.dll+0x138e5]
#
# Failed to write core dump. Minidumps are not enabled by default on client versions of Windows
#
# If you would like to submit a bug report, please visit:
#   http://bugreport.java.com/bugreport/crash.jsp
# The crash happened outside the Java Virtual Machine in native code.
# See problematic frame for where to report the bug.
#

---------------  T H R E A D  ---------------

Current thread (0x00000000023e2800):  JavaThread "main" [_thread_in_native, id=43360, stack(0x0000000002290000,0x0000000002390000)]

siginfo: ExceptionCode=0xc0000005, reading address 0x0000000000008b40

Registers:
RAX=0x0000000000000000, RBX=0x0000000029d92250, RCX=0x0000000000000000, RDX=0x000000000238f3f8
RSP=0x000000000238f330, RBP=0x000000000238f3e8, RSI=0x0000000000000108, RDI=0x00000000001e8d5d
R8 =0x00007ffc984938c0, R9 =0x0000000029d92250, R10=0x00000000024f8c3b, R11=0x000000006988cb30
R12=0x0000000000000000, R13=0x0000000016fbae70, R14=0x000000000238f420, R15=0x00000000023e2800
RIP=0x00007ffc984938e5, EFLAGS=0x0000000000010283

Top of Stack: (sp=0x000000000238f330)
0x000000000238f330:   000000000238f3c0 00007ffc9849981a
0x000000000238f340:   000000000238f340 0000000020de8aca
0x000000000238f350:   0000000016fbae70 00000000024f8c67
0x000000000238f360:   0000000000000000 0000000020de8b00
0x000000000238f370:   000000002a5d50d0 00007ffc98493031
0x000000000238f380:   00000000001e8d5c 00000000024e835d
0x000000000238f390:   000000000238f3f8 00000000024e835d
0x000000000238f3a0:   00000000024e835d 000000000238f3a8
0x000000000238f3b0:   0000000000000000 000000000238f420
0x000000000238f3c0:   0000000016fe0130 0000000000000000
0x000000000238f3d0:   0000000016fbae70 0000000000000000
0x000000000238f3e0:   000000000238f430 00000000d604b800
0x000000000238f3f0:   0000000002872dbc 0000000081c002d8
0x000000000238f400:   00000000024f21c0 0000000029d92250
0x000000000238f410:   0000000081c002d8 00007ffc984938c0
0x000000000238f420:   00000000d604b800 0000000002872dbc 

Instructions: (pc=0x00007ffc984938e5)
0x00007ffc984938c5:   20 48 8b d9 48 8d 0d 00 b4 0e 00 ff 15 9a d7 05
0x00007ffc984938d5:   00 48 8b 0d 6b b3 0e 00 0f 1f 00 48 3b cb 74 2b
0x00007ffc984938e5:   48 8b 89 40 8b 00 00 48 85 c9 75 ef ba 01 a0 00
0x00007ffc984938f5:   00 e8 25 60 00 00 48 8d 0d ce b3 0e 00 ff 15 70 


Register to memory mapping:

RAX=0x0000000000000000 is an unknown value
RBX=0x0000000029d92250 is an unknown value
RCX=0x0000000000000000 is an unknown value
RDX=0x000000000238f3f8 is pointing into the stack for thread: 0x00000000023e2800
RSP=0x000000000238f330 is pointing into the stack for thread: 0x00000000023e2800
RBP=0x000000000238f3e8 is pointing into the stack for thread: 0x00000000023e2800
RSI=0x0000000000000108 is an unknown value
RDI=0x00000000001e8d5d is an unknown value
R8 =0x00007ffc984938c0 is an unknown value
R9 =0x0000000029d92250 is an unknown value
R10=0x00000000024f8c3b is at code_begin+891 in an Interpreter codelet
method entry point (kind = native)  [0x00000000024f88c0, 0x00000000024f9280]  2496 bytes
R11=0x000000006988cb30 is an unknown value
R12=0x0000000000000000 is an unknown value
R13={method} {0x0000000016fbae78} 'invokePZ' '(JJ)Z' in 'org/lwjgl/system/JNI'
R14=0x000000000238f420 is pointing into the stack for thread: 0x00000000023e2800
R15=0x00000000023e2800 is a thread


Stack: [0x0000000002290000,0x0000000002390000],  sp=0x000000000238f330,  free space=1020k
Native frames: (J=compiled Java code, j=interpreted, Vv=VM code, C=native code)
C  [OpenAL.dll+0x138e5]
C  0x00000000024f8c67

Java frames: (J=compiled Java code, j=interpreted, Vv=VM code)
j  org.lwjgl.system.JNI.invokePZ(JJ)Z+0
J 910 C1 game.Game.controllFields()V (181 bytes) @ 0x0000000002872dbc [0x0000000002872120+0xc9c]
J 921% C2 game.Game.run()V (1763 bytes) @ 0x00000000028ae1b0 [0x00000000028ada80+0x730]
j  main.Main.main([Ljava/lang/String;)V+0
v  ~StubRoutines::call_stub

---------------  P R O C E S S  ---------------

Java Threads: ( => current thread )
  0x000000001a5af800 JavaThread "Timer-0" [_thread_blocked, id=43556, stack(0x000000002ff10000,0x0000000030010000)]
  0x00000000193e1000 JavaThread "Service Thread" daemon [_thread_blocked, id=43432, stack(0x0000000019f40000,0x000000001a040000)]
  0x000000001935c800 JavaThread "C1 CompilerThread3" daemon [_thread_blocked, id=43428, stack(0x0000000019e40000,0x0000000019f40000)]
  0x0000000019355000 JavaThread "C2 CompilerThread2" daemon [_thread_blocked, id=43424, stack(0x0000000019d40000,0x0000000019e40000)]
  0x000000001934f000 JavaThread "C2 CompilerThread1" daemon [_thread_blocked, id=43420, stack(0x0000000019c40000,0x0000000019d40000)]
  0x000000001934b800 JavaThread "C2 CompilerThread0" daemon [_thread_blocked, id=43416, stack(0x0000000019b40000,0x0000000019c40000)]
  0x000000001934a000 JavaThread "Attach Listener" daemon [_thread_blocked, id=43412, stack(0x0000000019a40000,0x0000000019b40000)]
  0x0000000019349000 JavaThread "Signal Dispatcher" daemon [_thread_blocked, id=43408, stack(0x0000000019940000,0x0000000019a40000)]
  0x0000000019340800 JavaThread "Finalizer" daemon [_thread_blocked, id=43404, stack(0x0000000019720000,0x0000000019820000)]
  0x00000000024d8800 JavaThread "Reference Handler" daemon [_thread_blocked, id=43400, stack(0x0000000019220000,0x0000000019320000)]
=>0x00000000023e2800 JavaThread "main" [_thread_in_native, id=43360, stack(0x0000000002290000,0x0000000002390000)]

Other Threads:
  0x000000001745a000 VMThread [stack: 0x0000000019120000,0x0000000019220000] [id=43396]
  0x00000000193fb000 WatcherThread [stack: 0x000000001a040000,0x000000001a140000] [id=43436]

VM state:not at safepoint (normal execution)

VM Mutex/Monitor currently owned by a thread: None

Heap:
 PSYoungGen      total 33280K, used 3110K [0x00000000d5f00000, 0x00000000d8700000, 0x0000000100000000)
  eden space 31744K, 5% used [0x00000000d5f00000,0x00000000d60d9b20,0x00000000d7e00000)
  from space 1536K, 79% used [0x00000000d7e80000,0x00000000d7fb0000,0x00000000d8000000)
  to   space 4608K, 0% used [0x00000000d8280000,0x00000000d8280000,0x00000000d8700000)
 ParOldGen       total 87552K, used 1925K [0x0000000081c00000, 0x0000000087180000, 0x00000000d5f00000)
  object space 87552K, 2% used [0x0000000081c00000,0x0000000081de16e0,0x0000000087180000)
 Metaspace       used 9282K, capacity 9521K, committed 9600K, reserved 1058816K
  class space    used 765K, capacity 847K, committed 896K, reserved 1048576K

Card table byte_map: [0x00000000118a0000,0x0000000011ca0000] byte_map_base: 0x0000000011492000

Marking Bits: (ParMarkBitMap*) 0x0000000069e83e30
 Begin Bits: [0x0000000012750000, 0x00000000146e0000)
 End Bits:   [0x00000000146e0000, 0x0000000016670000)

Polling page: 0x00000000009d0000

CodeCache: size=245760Kb used=4079Kb max_used=4079Kb free=241680Kb
 bounds [0x00000000024e0000, 0x00000000028e0000, 0x00000000114e0000]
 total_blobs=1858 nmethods=967 adapters=804
 compilation: enabled

Compilation events (10 events):
Event: 16.512 Thread 0x000000001935c800  963       3       org.lwjgl.opengl.GL15::glBufferData (7 bytes)
Event: 16.513 Thread 0x000000001935c800 nmethod 963 0x00000000028d9510 code [0x00000000028d96a0, 0x00000000028d9ba8]
Event: 16.513 Thread 0x000000001935c800  964       3       org.lwjgl.opengl.GL15C::glBufferData (19 bytes)
Event: 16.513 Thread 0x000000001935c800 nmethod 964 0x00000000028d9e50 code [0x00000000028d9fe0, 0x00000000028da488]
Event: 16.513 Thread 0x000000001935c800  965   !   3       org.lwjgl.opengl.GL30C::glGenVertexArrays (46 bytes)
Event: 16.514 Thread 0x000000001935c800 nmethod 965 0x00000000028da690 code [0x00000000028da8e0, 0x00000000028db838]
Event: 16.514 Thread 0x000000001935c800  966       3       models.Model::bindIndicesBuffer (43 bytes)
Event: 16.515 Thread 0x000000001935c800 nmethod 966 0x00000000028dbf90 code [0x00000000028dc220, 0x00000000028dd128]
Event: 16.516 Thread 0x000000001935c800  967       3       java.util.ArrayList::grow (45 bytes)
Event: 16.516 Thread 0x000000001935c800 nmethod 967 0x00000000028dd9d0 code [0x00000000028ddb60, 0x00000000028de058]

GC Heap History (10 events):
Event: 7.353 GC heap before
{Heap before GC invocations=3 (full 0):
 PSYoungGen      total 38400K, used 36337K [0x00000000d5f00000, 0x00000000d8980000, 0x0000000100000000)
  eden space 33280K, 100% used [0x00000000d5f00000,0x00000000d7f80000,0x00000000d7f80000)
  from space 5120K, 59% used [0x00000000d8480000,0x00000000d877c678,0x00000000d8980000)
  to   space 5120K, 0% used [0x00000000d7f80000,0x00000000d7f80000,0x00000000d8480000)
 ParOldGen       total 87552K, used 24K [0x0000000081c00000, 0x0000000087180000, 0x00000000d5f00000)
  object space 87552K, 0% used [0x0000000081c00000,0x0000000081c06000,0x0000000087180000)
 Metaspace       used 9230K, capacity 9457K, committed 9600K, reserved 1058816K
  class space    used 765K, capacity 847K, committed 896K, reserved 1048576K
Event: 7.359 GC heap after
Heap after GC invocations=3 (full 0):
 PSYoungGen      total 38400K, used 3024K [0x00000000d5f00000, 0x00000000d8980000, 0x0000000100000000)
  eden space 33280K, 0% used [0x00000000d5f00000,0x00000000d5f00000,0x00000000d7f80000)
  from space 5120K, 59% used [0x00000000d7f80000,0x00000000d8274030,0x00000000d8480000)
  to   space 5120K, 0% used [0x00000000d8480000,0x00000000d8480000,0x00000000d8980000)
 ParOldGen       total 87552K, used 32K [0x0000000081c00000, 0x0000000087180000, 0x00000000d5f00000)
  object space 87552K, 0% used [0x0000000081c00000,0x0000000081c08000,0x0000000087180000)
 Metaspace       used 9230K, capacity 9457K, committed 9600K, reserved 1058816K
  class space    used 765K, capacity 847K, committed 896K, reserved 1048576K
}
Event: 9.969 GC heap before
{Heap before GC invocations=4 (full 0):
 PSYoungGen      total 38400K, used 36304K [0x00000000d5f00000, 0x00000000d8980000, 0x0000000100000000)
  eden space 33280K, 100% used [0x00000000d5f00000,0x00000000d7f80000,0x00000000d7f80000)
  from space 5120K, 59% used [0x00000000d7f80000,0x00000000d8274030,0x00000000d8480000)
  to   space 5120K, 0% used [0x00000000d8480000,0x00000000d8480000,0x00000000d8980000)
 ParOldGen       total 87552K, used 32K [0x0000000081c00000, 0x0000000087180000, 0x00000000d5f00000)
  object space 87552K, 0% used [0x0000000081c00000,0x0000000081c08000,0x0000000087180000)
 Metaspace       used 9272K, capacity 9521K, committed 9600K, reserved 1058816K
  class space    used 765K, capacity 847K, committed 896K, reserved 1048576K
Event: 9.975 GC heap after
Heap after GC invocations=4 (full 0):
 PSYoungGen      total 38400K, used 3121K [0x00000000d5f00000, 0x00000000d8980000, 0x0000000100000000)
  eden space 33280K, 0% used [0x00000000d5f00000,0x00000000d5f00000,0x00000000d7f80000)
  from space 5120K, 60% used [0x00000000d8480000,0x00000000d878c698,0x00000000d8980000)
  to   space 5120K, 0% used [0x00000000d7f80000,0x00000000d7f80000,0x00000000d8480000)
 ParOldGen       total 87552K, used 40K [0x0000000081c00000, 0x0000000087180000, 0x00000000d5f00000)
  object space 87552K, 0% used [0x0000000081c00000,0x0000000081c0a000,0x0000000087180000)
 Metaspace       used 9272K, capacity 9521K, committed 9600K, reserved 1058816K
  class space    used 765K, capacity 847K, committed 896K, reserved 1048576K
}
Event: 12.355 GC heap before
{Heap before GC invocations=5 (full 0):
 PSYoungGen      total 38400K, used 36401K [0x00000000d5f00000, 0x00000000d8980000, 0x0000000100000000)
  eden space 33280K, 100% used [0x00000000d5f00000,0x00000000d7f80000,0x00000000d7f80000)
  from space 5120K, 60% used [0x00000000d8480000,0x00000000d878c698,0x00000000d8980000)
  to   space 5120K, 0% used [0x00000000d7f80000,0x00000000d7f80000,0x00000000d8480000)
 ParOldGen       total 87552K, used 40K [0x0000000081c00000, 0x0000000087180000, 0x00000000d5f00000)
  object space 87552K, 0% used [0x0000000081c00000,0x0000000081c0a000,0x0000000087180000)
 Metaspace       used 9276K, capacity 9521K, committed 9600K, reserved 1058816K
  class space    used 765K, capacity 847K, committed 896K, reserved 1048576K
Event: 12.360 GC heap after
Heap after GC invocations=5 (full 0):
 PSYoungGen      total 36352K, used 3089K [0x00000000d5f00000, 0x00000000d8800000, 0x0000000100000000)
  eden space 32768K, 0% used [0x00000000d5f00000,0x00000000d5f00000,0x00000000d7f00000)
  from space 3584K, 86% used [0x00000000d7f80000,0x00000000d8284698,0x00000000d8300000)
  to   space 4608K, 0% used [0x00000000d8380000,0x00000000d8380000,0x00000000d8800000)
 ParOldGen       total 87552K, used 48K [0x0000000081c00000, 0x0000000087180000, 0x00000000d5f00000)
  object space 87552K, 0% used [0x0000000081c00000,0x0000000081c0c000,0x0000000087180000)
 Metaspace       used 9276K, capacity 9521K, committed 9600K, reserved 1058816K
  class space    used 765K, capacity 847K, committed 896K, reserved 1048576K
}
Event: 14.454 GC heap before
{Heap before GC invocations=6 (full 0):
 PSYoungGen      total 36352K, used 35857K [0x00000000d5f00000, 0x00000000d8800000, 0x0000000100000000)
  eden space 32768K, 100% used [0x00000000d5f00000,0x00000000d7f00000,0x00000000d7f00000)
  from space 3584K, 86% used [0x00000000d7f80000,0x00000000d8284698,0x00000000d8300000)
  to   space 4608K, 0% used [0x00000000d8380000,0x00000000d8380000,0x00000000d8800000)
 ParOldGen       total 87552K, used 48K [0x0000000081c00000, 0x0000000087180000, 0x00000000d5f00000)
  object space 87552K, 0% used [0x0000000081c00000,0x0000000081c0c000,0x0000000087180000)
 Metaspace       used 9276K, capacity 9521K, committed 9600K, reserved 1058816K
  class space    used 765K, capacity 847K, committed 896K, reserved 1048576K
Event: 14.459 GC heap after
Heap after GC invocations=6 (full 0):
 PSYoungGen      total 36352K, used 3073K [0x00000000d5f00000, 0x00000000d8780000, 0x0000000100000000)
  eden space 32256K, 0% used [0x00000000d5f00000,0x00000000d5f00000,0x00000000d7e80000)
  from space 4096K, 75% used [0x00000000d8380000,0x00000000d8680688,0x00000000d8780000)
  to   space 4608K, 0% used [0x00000000d7e80000,0x00000000d7e80000,0x00000000d8300000)
 ParOldGen       total 87552K, used 56K [0x0000000081c00000, 0x0000000087180000, 0x00000000d5f00000)
  object space 87552K, 0% used [0x0000000081c00000,0x0000000081c0e000,0x0000000087180000)
 Metaspace       used 9276K, capacity 9521K, committed 9600K, reserved 1058816K
  class space    used 765K, capacity 847K, committed 896K, reserved 1048576K
}
Event: 16.421 GC heap before
{Heap before GC invocations=7 (full 0):
 PSYoungGen      total 36352K, used 35329K [0x00000000d5f00000, 0x00000000d8780000, 0x0000000100000000)
  eden space 32256K, 100% used [0x00000000d5f00000,0x00000000d7e80000,0x00000000d7e80000)
  from space 4096K, 75% used [0x00000000d8380000,0x00000000d8680688,0x00000000d8780000)
  to   space 4608K, 0% used [0x00000000d7e80000,0x00000000d7e80000,0x00000000d8300000)
 ParOldGen       total 87552K, used 56K [0x0000000081c00000, 0x0000000087180000, 0x00000000d5f00000)
  object space 87552K, 0% used [0x0000000081c00000,0x0000000081c0e000,0x0000000087180000)
 Metaspace       used 9278K, capacity 9521K, committed 9600K, reserved 1058816K
  class space    used 765K, capacity 847K, committed 896K, reserved 1048576K
Event: 16.425 GC heap after
Heap after GC invocations=7 (full 0):
 PSYoungGen      total 33280K, used 1216K [0x00000000d5f00000, 0x00000000d8700000, 0x0000000100000000)
  eden space 31744K, 0% used [0x00000000d5f00000,0x00000000d5f00000,0x00000000d7e00000)
  from space 1536K, 79% used [0x00000000d7e80000,0x00000000d7fb0000,0x00000000d8000000)
  to   space 4608K, 0% used [0x00000000d8280000,0x00000000d8280000,0x00000000d8700000)
 ParOldGen       total 87552K, used 1925K [0x0000000081c00000, 0x0000000087180000, 0x00000000d5f00000)
  object space 87552K, 2% used [0x0000000081c00000,0x0000000081de16e0,0x0000000087180000)
 Metaspace       used 9278K, capacity 9521K, committed 9600K, reserved 1058816K
  class space    used 765K, capacity 847K, committed 896K, reserved 1048576K
}

Deoptimization events (10 events):
Event: 1.516 Thread 0x00000000023e2800 Uncommon trap: reason=unstable_if action=reinterpret pc=0x00000000027f80e4 method=game.Game.run()V @ 12
Event: 1.894 Thread 0x00000000023e2800 Uncommon trap: reason=unstable_if action=reinterpret pc=0x00000000027f5640 method=java.nio.Bits.tryReserveMemory(JI)Z @ 29
Event: 3.039 Thread 0x00000000023e2800 Uncommon trap: reason=unstable_if action=reinterpret pc=0x00000000027e3db4 method=io.Window.isKeyDown(I)Z @ 9
Event: 4.662 Thread 0x00000000024d8800 Uncommon trap: reason=class_check action=maybe_recompile pc=0x000000000283bb68 method=java.lang.ref.Reference.tryHandlePending(Z)Z @ 17
Event: 4.662 Thread 0x00000000024d8800 Uncommon trap: reason=class_check action=maybe_recompile pc=0x000000000283bb68 method=java.lang.ref.Reference.tryHandlePending(Z)Z @ 17
Event: 4.662 Thread 0x00000000024d8800 Uncommon trap: reason=class_check action=maybe_recompile pc=0x000000000283bb68 method=java.lang.ref.Reference.tryHandlePending(Z)Z @ 17
Event: 4.662 Thread 0x00000000024d8800 Uncommon trap: reason=class_check action=maybe_recompile pc=0x000000000283bb68 method=java.lang.ref.Reference.tryHandlePending(Z)Z @ 17
Event: 5.820 Thread 0x00000000023e2800 Uncommon trap: reason=unreached action=reinterpret pc=0x00000000028276c8 method=game.Game.run()V @ 1547
Event: 5.889 Thread 0x00000000023e2800 Uncommon trap: reason=unstable_if action=reinterpret pc=0x0000000002854a18 method=game.Game.deleteLayer()V @ 44
Event: 5.936 Thread 0x00000000023e2800 Uncommon trap: reason=unstable_if action=reinterpret pc=0x00000000028969f0 method=game.Game.getHighestPos(FF)F @ 37

Classes redefined (0 events):
No events

Internal exceptions (10 events):
Event: 0.027 Thread 0x00000000023e2800 Exception <a 'java/lang/NoSuchMethodError': Method sun.misc.Unsafe.prefetchRead(Ljava/lang/Object;J)V name or signature does not match> (0x00000000d5f07f98) thrown at [C:\re\workspace\8-2-build-windows-amd64-cygwin\jdk8u191\11896\hotspot\src\share\vm\prim
Event: 0.150 Thread 0x00000000023e2800 Exception <a 'java/lang/NoSuchMethodError': java.lang.Object.lambda$static$0(Ljava/lang/String;)Ljava/lang/Boolean;> (0x00000000d624e7b8) thrown at [C:\re\workspace\8-2-build-windows-amd64-cygwin\jdk8u191\11896\hotspot\src\share\vm\interpreter\linkResolve
Event: 0.160 Thread 0x00000000023e2800 Exception <a 'java/lang/NoSuchFieldError': method resolution failed> (0x00000000d62c6710) thrown at [C:\re\workspace\8-2-build-windows-amd64-cygwin\jdk8u191\11896\hotspot\src\share\vm\prims\methodHandles.cpp, line 1167]
Event: 0.162 Thread 0x00000000023e2800 Exception <a 'java/lang/NoSuchFieldError': method resolution failed> (0x00000000d62d3b10) thrown at [C:\re\workspace\8-2-build-windows-amd64-cygwin\jdk8u191\11896\hotspot\src\share\vm\prims\methodHandles.cpp, line 1167]
Event: 0.206 Thread 0x00000000023e2800 Exception <a 'java/security/PrivilegedActionException'> (0x00000000d64334f8) thrown at [C:\re\workspace\8-2-build-windows-amd64-cygwin\jdk8u191\11896\hotspot\src\share\vm\prims\jvm.cpp, line 1435]
Event: 0.206 Thread 0x00000000023e2800 Exception <a 'java/security/PrivilegedActionException'> (0x00000000d6433708) thrown at [C:\re\workspace\8-2-build-windows-amd64-cygwin\jdk8u191\11896\hotspot\src\share\vm\prims\jvm.cpp, line 1435]
Event: 0.206 Thread 0x00000000023e2800 Exception <a 'java/security/PrivilegedActionException'> (0x00000000d6437378) thrown at [C:\re\workspace\8-2-build-windows-amd64-cygwin\jdk8u191\11896\hotspot\src\share\vm\prims\jvm.cpp, line 1435]
Event: 0.206 Thread 0x00000000023e2800 Exception <a 'java/security/PrivilegedActionException'> (0x00000000d6437588) thrown at [C:\re\workspace\8-2-build-windows-amd64-cygwin\jdk8u191\11896\hotspot\src\share\vm\prims\jvm.cpp, line 1435]
Event: 0.408 Thread 0x00000000023e2800 Exception <a 'sun/nio/fs/WindowsException'> (0x00000000d669eb18) thrown at [C:\re\workspace\8-2-build-windows-amd64-cygwin\jdk8u191\11896\hotspot\src\share\vm\prims\jni.cpp, line 709]
Event: 0.409 Thread 0x00000000023e2800 Exception <a 'sun/nio/fs/WindowsException'> (0x00000000d669f300) thrown at [C:\re\workspace\8-2-build-windows-amd64-cygwin\jdk8u191\11896\hotspot\src\share\vm\prims\jni.cpp, line 709]

Events (10 events):
Event: 7.353 Executing VM operation: ParallelGCFailedAllocation
Event: 7.359 Executing VM operation: ParallelGCFailedAllocation done
Event: 9.969 Executing VM operation: ParallelGCFailedAllocation
Event: 9.975 Executing VM operation: ParallelGCFailedAllocation done
Event: 12.355 Executing VM operation: ParallelGCFailedAllocation
Event: 12.360 Executing VM operation: ParallelGCFailedAllocation done
Event: 14.454 Executing VM operation: ParallelGCFailedAllocation
Event: 14.460 Executing VM operation: ParallelGCFailedAllocation done
Event: 16.420 Executing VM operation: ParallelGCFailedAllocation
Event: 16.425 Executing VM operation: ParallelGCFailedAllocation done


Dynamic libraries:
0x00007ff670670000 - 0x00007ff6706a7000 	D:\Program Files\Java\jre1.8.0_191\bin\javaw.exe
0x00007ffcd8eb0000 - 0x00007ffcd9091000 	C:\WINDOWS\SYSTEM32\ntdll.dll
0x00007ffcd6340000 - 0x00007ffcd63f2000 	C:\WINDOWS\System32\KERNEL32.DLL
0x00007ffcd5300000 - 0x00007ffcd5573000 	C:\WINDOWS\System32\KERNELBASE.dll
0x00007ffcd7730000 - 0x00007ffcd77d1000 	C:\WINDOWS\System32\ADVAPI32.dll
0x00007ffcd65a0000 - 0x00007ffcd663e000 	C:\WINDOWS\System32\msvcrt.dll
0x00007ffcd77e0000 - 0x00007ffcd783b000 	C:\WINDOWS\System32\sechost.dll
0x00007ffcd78a0000 - 0x00007ffcd79c4000 	C:\WINDOWS\System32\RPCRT4.dll
0x00007ffcd6400000 - 0x00007ffcd6590000 	C:\WINDOWS\System32\USER32.dll
0x00007ffcd5580000 - 0x00007ffcd55a0000 	C:\WINDOWS\System32\win32u.dll
0x00007ffcd72b0000 - 0x00007ffcd72d8000 	C:\WINDOWS\System32\GDI32.dll
0x00007ffcd5790000 - 0x00007ffcd5922000 	C:\WINDOWS\System32\gdi32full.dll
0x00007ffcd56a0000 - 0x00007ffcd573f000 	C:\WINDOWS\System32\msvcp_win.dll
0x00007ffcd55a0000 - 0x00007ffcd569a000 	C:\WINDOWS\System32\ucrtbase.dll
0x00007ffcc6a40000 - 0x00007ffcc6ca9000 	C:\WINDOWS\WinSxS\amd64_microsoft.windows.common-controls_6595b64144ccf1df_6.0.17134.523_none_fb409dd930672a56\COMCTL32.dll
0x00007ffcd6f80000 - 0x00007ffcd72a2000 	C:\WINDOWS\System32\combase.dll
0x00007ffcd5280000 - 0x00007ffcd52fa000 	C:\WINDOWS\System32\bcryptPrimitives.dll
0x00007ffcd6820000 - 0x00007ffcd684d000 	C:\WINDOWS\System32\IMM32.DLL
0x000000006a9a0000 - 0x000000006aa72000 	D:\Program Files\Java\jre1.8.0_191\bin\msvcr100.dll
0x0000000069660000 - 0x0000000069f04000 	D:\Program Files\Java\jre1.8.0_191\bin\server\jvm.dll
0x00007ffcd6b70000 - 0x00007ffcd6b78000 	C:\WINDOWS\System32\PSAPI.DLL
0x00007ffcd1f40000 - 0x00007ffcd1f49000 	C:\WINDOWS\SYSTEM32\WSOCK32.dll
0x00007ffcd1e60000 - 0x00007ffcd1e83000 	C:\WINDOWS\SYSTEM32\WINMM.dll
0x00007ffcd03a0000 - 0x00007ffcd03aa000 	C:\WINDOWS\SYSTEM32\VERSION.dll
0x00007ffcd8e10000 - 0x00007ffcd8e7c000 	C:\WINDOWS\System32\WS2_32.dll
0x00007ffcd1e20000 - 0x00007ffcd1e4a000 	C:\WINDOWS\SYSTEM32\WINMMBASE.dll
0x00007ffcd5740000 - 0x00007ffcd5789000 	C:\WINDOWS\System32\cfgmgr32.dll
0x000000006a990000 - 0x000000006a99f000 	D:\Program Files\Java\jre1.8.0_191\bin\verify.dll
0x000000006a960000 - 0x000000006a989000 	D:\Program Files\Java\jre1.8.0_191\bin\java.dll
0x000000006a940000 - 0x000000006a956000 	D:\Program Files\Java\jre1.8.0_191\bin\zip.dll
0x00007ffcd79d0000 - 0x00007ffcd8e10000 	C:\WINDOWS\System32\SHELL32.dll
0x00007ffcd68f0000 - 0x00007ffcd6999000 	C:\WINDOWS\System32\shcore.dll
0x00007ffcd5c30000 - 0x00007ffcd633d000 	C:\WINDOWS\System32\windows.storage.dll
0x00007ffcd67c0000 - 0x00007ffcd6811000 	C:\WINDOWS\System32\shlwapi.dll
0x00007ffcd51f0000 - 0x00007ffcd5201000 	C:\WINDOWS\System32\kernel.appcore.dll
0x00007ffcd5260000 - 0x00007ffcd527f000 	C:\WINDOWS\System32\profapi.dll
0x00007ffcd5210000 - 0x00007ffcd525c000 	C:\WINDOWS\System32\powrprof.dll
0x00007ffcd51e0000 - 0x00007ffcd51ea000 	C:\WINDOWS\System32\FLTLIB.DLL
0x000000006a920000 - 0x000000006a93a000 	D:\Program Files\Java\jre1.8.0_191\bin\net.dll
0x00007ffcd4a40000 - 0x00007ffcd4aa6000 	C:\WINDOWS\system32\mswsock.dll
0x000000006a900000 - 0x000000006a911000 	D:\Program Files\Java\jre1.8.0_191\bin\nio.dll
0x00007ffca0a50000 - 0x00007ffca0ab3000 	C:\Users\Xenia\AppData\Local\Temp\lwjglXenia\3.2.1-build-12\lwjgl.dll
0x00007ffca09d0000 - 0x00007ffca0a49000 	C:\Users\Xenia\AppData\Local\Temp\lwjglXenia\3.2.1-build-12\lwjgl_stb.dll
0x00007ffca5be0000 - 0x00007ffca5c3e000 	C:\Users\Xenia\AppData\Local\Temp\lwjglXenia\3.2.1-build-12\glfw.dll
0x00007ffcd3650000 - 0x00007ffcd36e8000 	C:\WINDOWS\system32\uxtheme.dll
0x00007ffccb6e0000 - 0x00007ffccb723000 	C:\WINDOWS\SYSTEM32\dinput8.dll
0x00007ffcd2080000 - 0x00007ffcd2090000 	C:\WINDOWS\SYSTEM32\xinput1_4.dll
0x00007ffcd4fd0000 - 0x00007ffcd4ff7000 	C:\WINDOWS\SYSTEM32\DEVOBJ.dll
0x00007ffcd3930000 - 0x00007ffcd3959000 	C:\WINDOWS\SYSTEM32\dwmapi.dll
0x00007ffcd0460000 - 0x00007ffcd04d9000 	C:\WINDOWS\SYSTEM32\inputhost.dll
0x00007ffcd3320000 - 0x00007ffcd33fa000 	C:\WINDOWS\SYSTEM32\CoreMessaging.dll
0x00007ffcd1340000 - 0x00007ffcd148d000 	C:\WINDOWS\SYSTEM32\wintypes.dll
0x00007ffccf370000 - 0x00007ffccf68e000 	C:\WINDOWS\SYSTEM32\CoreUIComponents.dll
0x00007ffcd42b0000 - 0x00007ffcd42e1000 	C:\WINDOWS\SYSTEM32\ntmarta.dll
0x00007ffcd6640000 - 0x00007ffcd67b3000 	C:\WINDOWS\System32\MSCTF.dll
0x00007ffcd6d10000 - 0x00007ffcd6dd2000 	C:\WINDOWS\System32\OLEAUT32.dll
0x00007ffcd3ed0000 - 0x00007ffcd3edc000 	C:\WINDOWS\SYSTEM32\HID.DLL
0x00007ffcd72e0000 - 0x00007ffcd772b000 	C:\WINDOWS\System32\SETUPAPI.DLL
0x00007ffcd5bd0000 - 0x00007ffcd5c27000 	C:\WINDOWS\System32\WINTRUST.dll
0x00007ffcd51c0000 - 0x00007ffcd51d2000 	C:\WINDOWS\System32\MSASN1.dll
0x00007ffcd5930000 - 0x00007ffcd5b12000 	C:\WINDOWS\System32\CRYPT32.dll
0x00007ffcbeb20000 - 0x00007ffcbec40000 	C:\WINDOWS\SYSTEM32\opengl32.dll
0x00007ffcc92a0000 - 0x00007ffcc92cc000 	C:\WINDOWS\SYSTEM32\GLU32.dll
0x00007ffc856b0000 - 0x00007ffc86409000 	C:\WINDOWS\System32\DriverStore\FileRepository\igdlh64.inf_amd64_2cd0802aadb1c6f8\ig9icd64.dll
0x00007ffcd0de0000 - 0x00007ffcd0df3000 	C:\WINDOWS\SYSTEM32\WTSAPI32.dll
0x00007ffcc57c0000 - 0x00007ffcc691f000 	C:\WINDOWS\System32\DriverStore\FileRepository\igdlh64.inf_amd64_2cd0802aadb1c6f8\igc64.dll
0x00007ffcd3f80000 - 0x00007ffcd403b000 	C:\WINDOWS\SYSTEM32\dxgi.dll
0x00007ffcd2130000 - 0x00007ffcd243b000 	C:\WINDOWS\SYSTEM32\d3d11.dll
0x00007ffcaff30000 - 0x00007ffcb1675000 	C:\WINDOWS\System32\DriverStore\FileRepository\igdlh64.inf_amd64_2cd0802aadb1c6f8\igd10iumd64.dll
0x00007ffcd4d20000 - 0x00007ffcd4d45000 	C:\WINDOWS\SYSTEM32\bcrypt.dll
0x00007ffcd4cf0000 - 0x00007ffcd4d16000 	C:\WINDOWS\SYSTEM32\ncrypt.dll
0x00007ffcd4cb0000 - 0x00007ffcd4ce6000 	C:\WINDOWS\SYSTEM32\NTASN1.dll
0x00007ffc985a0000 - 0x00007ffc985f8000 	C:\Users\Xenia\AppData\Local\Temp\lwjglXenia\3.2.1-build-12\lwjgl_opengl.dll
0x00007ffccfdd0000 - 0x00007ffccfe78000 	C:\WINDOWS\SYSTEM32\mscms.dll
0x00007ffcd50c0000 - 0x00007ffcd50e8000 	C:\WINDOWS\SYSTEM32\USERENV.dll
0x00007ffcd20a0000 - 0x00007ffcd20b0000 	C:\WINDOWS\SYSTEM32\ColorAdapterClient.dll
0x00007ffca0970000 - 0x00007ffca09b3000 	C:\WINDOWS\SYSTEM32\icm32.dll
0x00007ffccddb0000 - 0x00007ffccde46000 	C:\WINDOWS\System32\TextInputFramework.dll
0x00007ffc98480000 - 0x00007ffc98594000 	C:\Users\Xenia\AppData\Local\Temp\lwjglXenia\3.2.1-build-12\OpenAL.dll
0x00007ffcd69b0000 - 0x00007ffcd6b01000 	C:\WINDOWS\System32\ole32.dll
0x00007ffcd6b80000 - 0x00007ffcd6c20000 	C:\WINDOWS\System32\clbcatq.dll
0x00007ffccceb0000 - 0x00007ffcccf26000 	C:\WINDOWS\System32\MMDevApi.dll
0x00007ffcd1670000 - 0x00007ffcd1824000 	C:\WINDOWS\System32\PROPSYS.dll
0x00007ffcbfa60000 - 0x00007ffcbfb8c000 	C:\WINDOWS\SYSTEM32\AUDIOSES.DLL
0x00007ffcd0880000 - 0x00007ffcd088a000 	C:\WINDOWS\SYSTEM32\AVRT.dll
0x00007ffcc3e70000 - 0x00007ffcc4039000 	C:\WINDOWS\SYSTEM32\dbghelp.dll

VM Arguments:
jvm_args: -Dfile.encoding=Cp1252 
java_command: main.Main
java_class_path (initial): E:\Users\Xenia\Git Projekte\Computergrafik Tetris\Tetris3DGame\bin;E:\Users\Xenia\Git Projekte\Computergrafik Tetris\Tetris3DGame\lib\ibxm.jar;E:\Users\Xenia\Git Projekte\Computergrafik Tetris\Tetris3DGame\lib\jogg-0.0.7.jar;E:\Users\Xenia\Git Projekte\Computergrafik Tetris\Tetris3DGame\lib\joml-1.9.12.jar;E:\Users\Xenia\Git Projekte\Computergrafik Tetris\Tetris3DGame\lib\jorbis-0.0.15.jar;E:\Users\Xenia\Git Projekte\Computergrafik Tetris\Tetris3DGame\lib\lwjgl-assimp-natives-linux.jar;E:\Users\Xenia\Git Projekte\Computergrafik Tetris\Tetris3DGame\lib\lwjgl-assimp-natives-macos.jar;E:\Users\Xenia\Git Projekte\Computergrafik Tetris\Tetris3DGame\lib\lwjgl-assimp-natives-windows.jar;E:\Users\Xenia\Git Projekte\Computergrafik Tetris\Tetris3DGame\lib\lwjgl-assimp.jar;E:\Users\Xenia\Git Projekte\Computergrafik Tetris\Tetris3DGame\lib\lwjgl-glfw-natives-linux.jar;E:\Users\Xenia\Git Projekte\Computergrafik Tetris\Tetris3DGame\lib\lwjgl-glfw-natives-macos.jar;E:\Users\Xenia\Git Projekte\Computergrafik Tetris\Tetris3DGame\lib\lwjgl-glfw-natives-windows.jar;E:\Users\Xenia\Git Projekte\Computergrafik Tetris\Tetris3DGame\lib\lwjgl-glfw.jar;E:\Users\Xenia\Git Projekte\Computergrafik Tetris\Tetris3DGame\lib\lwjgl-natives-linux.jar;E:\Users\Xenia\Git Projekte\Computergrafik Tetris\Tetris3DGame\lib\lwjgl-natives-macos.jar;E:\Users\Xenia\Git Projekte\Computergrafik Tetris\Tetris3DGame\lib\lwjgl-natives-windows.jar;E:\Users\Xenia\Git Projekte\Computergrafik Tetris\Tetris3DGame\lib\lwjgl-openal-natives-linux.jar;E:\Users\Xenia\Git Projekte\Computergrafik Tetris\Tetris3DGame\lib\lwjgl-openal-natives-macos.jar;E:\Users\Xenia\Git Projekte\Computergrafik Tetris\Tetris3DGame\lib\lwjgl-openal-natives-windows.jar;E:\Users\Xenia\Git Projekte\Computergrafik Tetris\Tetris3DGame\lib\lwjgl-openal.jar;E:\Users\Xenia\Git Projekte\Computergrafik Tetris\Tetris3DGame\lib\lwjgl-opengl-natives-linux.jar;E:\Users\Xenia\Git Projekte\Computergrafik Tetris\Tetris3DGame\lib\lwjgl-
Launcher Type: SUN_STANDARD

Environment Variables:
JAVA_HOME=D:\Program Files\Java\jdk1.8.0_191
PATH=D:/Program Files/Java/jre1.8.0_191/bin/server;D:/Program Files/Java/jre1.8.0_191/bin;D:/Program Files/Java/jre1.8.0_191/lib/amd64;C:\Program Files (x86)\Common Files\Oracle\Java\javapath;C:\WINDOWS\system32;C:\WINDOWS;C:\WINDOWS\System32\Wbem;C:\WINDOWS\System32\WindowsPowerShell\v1.0\;D:\Program Files\Git\cmd;D:\Program Files\Java\jdk1.8.0_191\bin;E:\Users\Xenia\apache-maven-3.6.0\bin;D:\xampp\php;D:\xampp\apache;D:\xampp\apache\bin;D:\Users\Xenia\xampp\php;C:\ProgramData\ComposerSetup\bin;E:\Users\Xenia\cmake-3.13.0-rc3-win64-x64\bin;;C:\WINDOWS\System32\OpenSSH\;D:\Users\Xenia\putty\PuTTY\;D:\Program Files\TortoiseGit\bin;C:\Users\Xenia\AppData\Local\Microsoft\WindowsApps;D:\Users\Xenia\AppData\Local\Programs\Microsoft VS Code\bin;C:\Users\Xenia\AppData\Roaming\Composer\vendor\bin;C:\Users\Xenia\AppData\Local\GitHubDesktop\bin;E:\Users\Xenia\Desktop;
USERNAME=Xenia
OS=Windows_NT
PROCESSOR_IDENTIFIER=Intel64 Family 6 Model 158 Stepping 9, GenuineIntel



---------------  S Y S T E M  ---------------

OS: Windows 10.0 , 64 bit Build 17134 (10.0.17134.1)

CPU:total 8 (initial active 8) (4 cores per cpu, 2 threads per core) family 6 model 158 stepping 9, cmov, cx8, fxsr, mmx, sse, sse2, sse3, ssse3, sse4.1, sse4.2, popcnt, avx, avx2, aes, clmul, erms, 3dnowpref, lzcnt, ht, tsc, tscinvbit, bmi1, bmi2, adx

Memory: 4k page, physical 8270668k(4222624k free), swap 18360976k(3249160k free)

vm_info: Java HotSpot(TM) 64-Bit Server VM (25.191-b12) for windows-amd64 JRE (1.8.0_191-b12), built on Oct  6 2018 09:29:03 by "java_re" with MS VC++ 10.0 (VS2010)

time: Mon Jan 28 00:44:54 2019
elapsed time: 16 seconds (0d 0h 0m 16s)

