#
# A fatal error has been detected by the Java Runtime Environment:
#
#  EXCEPTION_ACCESS_VIOLATION (0xc0000005) at pc=0x00007ffed68e38e5, pid=820, tid=0x00000000000037ec
#
# JRE version: Java(TM) SE Runtime Environment (8.0_201-b09) (build 1.8.0_201-b09)
# Java VM: Java HotSpot(TM) 64-Bit Server VM (25.201-b09 mixed mode windows-amd64 compressed oops)
# Problematic frame:
# C  [OpenAL.dll+0x138e5]
#
# Failed to write core dump. Minidumps are not enabled by default on client versions of Windows
#
# If you would like to submit a bug report, please visit:
#   http://bugreport.java.com/bugreport/crash.jsp
# The crash happened outside the Java Virtual Machine in native code.
# See problematic frame for where to report the bug.
#

---------------  T H R E A D  ---------------

Current thread (0x0000000002a62800):  JavaThread "main" [_thread_in_native, id=14316, stack(0x00000000028a0000,0x00000000029a0000)]

siginfo: ExceptionCode=0xc0000005, reading address 0x0000000000008b40

Registers:
RAX=0x0000000000000000, RBX=0x00000000280c6ae0, RCX=0x0000000000000000, RDX=0x000000000299f050
RSP=0x000000000299ef90, RBP=0x000000000299f040, RSI=0x0000000027042820, RDI=0x00000007c00d4bd0
R8 =0x00007ffed68e38c0, R9 =0x00000000280c6ae0, R10=0x0000000002b78c3b, R11=0x000000005251cd40
R12=0x0000000000000000, R13=0x000000001981ae70, R14=0x000000000299f078, R15=0x0000000002a62800
RIP=0x00007ffed68e38e5, EFLAGS=0x0000000000010283

Top of Stack: (sp=0x000000000299ef90)
0x000000000299ef90:   00000000198179e0 00007ffed68e3031
0x000000000299efa0:   00000007c00d4bd0 0000000000000000
0x000000000299efb0:   000000001981ae70 0000000002b78c67
0x000000000299efc0:   0000000002b6835d 0000000700a7e278
0x000000000299efd0:   0000000002b721d8 000000000299efd8
0x000000000299efe0:   00000000270495e8 000000000299f028
0x000000000299eff0:   000000002704a610 00000000270a4a20
0x000000000299f000:   000000000299f000 0000000000000000
0x000000000299f010:   000000000299f078 0000000019840130
0x000000000299f020:   0000000000000000 000000001981ae70
0x000000000299f030:   0000000000000000 000000000299f060
0x000000000299f040:   000000000299f0c0 0000000002b67b30
0x000000000299f050:   0000000700a7e278 0000000002b721c0
0x000000000299f060:   00000000280c6ae0 0000000002b67e70
0x000000000299f070:   00007ffed68e38c0 0000000000000001
0x000000000299f080:   000000000299f080 000000002704618c 

Instructions: (pc=0x00007ffed68e38e5)
0x00007ffed68e38c5:   20 48 8b d9 48 8d 0d 00 b4 0e 00 ff 15 9a d7 05
0x00007ffed68e38d5:   00 48 8b 0d 6b b3 0e 00 0f 1f 00 48 3b cb 74 2b
0x00007ffed68e38e5:   48 8b 89 40 8b 00 00 48 85 c9 75 ef ba 01 a0 00
0x00007ffed68e38f5:   00 e8 25 60 00 00 48 8d 0d ce b3 0e 00 ff 15 70 


Register to memory mapping:

RAX=0x0000000000000000 is an unknown value
RBX=0x00000000280c6ae0 is an unknown value
RCX=0x0000000000000000 is an unknown value
RDX=0x000000000299f050 is pointing into the stack for thread: 0x0000000002a62800
RSP=0x000000000299ef90 is pointing into the stack for thread: 0x0000000002a62800
RBP=0x000000000299f040 is pointing into the stack for thread: 0x0000000002a62800
RSI=0x0000000027042820 is pointing into metadata
RDI=0x00000007c00d4bd0 is pointing into metadata
R8 =0x00007ffed68e38c0 is an unknown value
R9 =0x00000000280c6ae0 is an unknown value
R10=0x0000000002b78c3b is at code_begin+891 in an Interpreter codelet
method entry point (kind = native)  [0x0000000002b788c0, 0x0000000002b79280]  2496 bytes
R11=0x000000005251cd40 is an unknown value
R12=0x0000000000000000 is an unknown value
R13={method} {0x000000001981ae78} 'invokePZ' '(JJ)Z' in 'org/lwjgl/system/JNI'
R14=0x000000000299f078 is pointing into the stack for thread: 0x0000000002a62800
R15=0x0000000002a62800 is a thread


Stack: [0x00000000028a0000,0x00000000029a0000],  sp=0x000000000299ef90,  free space=1019k
Native frames: (J=compiled Java code, j=interpreted, Vv=VM code, C=native code)
C  [OpenAL.dll+0x138e5]
C  0x0000000002b78c67

Java frames: (J=compiled Java code, j=interpreted, Vv=VM code)
j  org.lwjgl.system.JNI.invokePZ(JJ)Z+0
j  org.lwjgl.openal.ALC10.alcCloseDevice(J)Z+20
j  audio.AudioMaster.destroy()V+21
j  game.Game$AudioPlayer.clear()V+0
j  game.Game.controllFields()V+107
j  game.Game.run()V+351
j  main.Main.main([Ljava/lang/String;)V+0
v  ~StubRoutines::call_stub

---------------  P R O C E S S  ---------------

Java Threads: ( => current thread )
  0x000000001bf24000 JavaThread "Thread-0" [_thread_in_native, id=3980, stack(0x0000000030720000,0x0000000030820000)]
  0x000000001b603000 JavaThread "Service Thread" daemon [_thread_blocked, id=9480, stack(0x000000001b9e0000,0x000000001bae0000)]
  0x0000000019c83800 JavaThread "C1 CompilerThread2" daemon [_thread_blocked, id=1456, stack(0x000000001b4e0000,0x000000001b5e0000)]
  0x0000000019c72000 JavaThread "C2 CompilerThread1" daemon [_thread_blocked, id=8672, stack(0x000000001b3e0000,0x000000001b4e0000)]
  0x0000000019c6d800 JavaThread "C2 CompilerThread0" daemon [_thread_blocked, id=7408, stack(0x000000001b2e0000,0x000000001b3e0000)]
  0x0000000019c6b800 JavaThread "Attach Listener" daemon [_thread_blocked, id=8284, stack(0x000000001b1e0000,0x000000001b2e0000)]
  0x0000000019c6a000 JavaThread "Signal Dispatcher" daemon [_thread_blocked, id=10204, stack(0x000000001b0e0000,0x000000001b1e0000)]
  0x0000000002b5c000 JavaThread "Finalizer" daemon [_thread_blocked, id=10488, stack(0x000000001aec0000,0x000000001afc0000)]
  0x0000000002b51000 JavaThread "Reference Handler" daemon [_thread_blocked, id=6740, stack(0x000000001adc0000,0x000000001aec0000)]
=>0x0000000002a62800 JavaThread "main" [_thread_in_native, id=14316, stack(0x00000000028a0000,0x00000000029a0000)]

Other Threads:
  0x0000000019c37800 VMThread [stack: 0x000000001acc0000,0x000000001adc0000] [id=2096]
  0x000000001b62c000 WatcherThread [stack: 0x000000001bae0000,0x000000001bbe0000] [id=792]

VM state:not at safepoint (normal execution)

VM Mutex/Monitor currently owned by a thread: None

heap address: 0x0000000700a00000, size: 3062 MB, Compressed Oops mode: Zero based, Oop shift amount: 3
Narrow klass base: 0x0000000000000000, Narrow klass shift: 3
Compressed class space size: 1073741824 Address: 0x00000007c0000000

Heap:
 PSYoungGen      total 30208K, used 9985K [0x0000000780380000, 0x0000000782380000, 0x00000007c0000000)
  eden space 27648K, 32% used [0x0000000780380000,0x0000000780c50700,0x0000000781e80000)
  from space 2560K, 37% used [0x0000000781e80000,0x0000000781f70000,0x0000000782100000)
  to   space 2560K, 0% used [0x0000000782100000,0x0000000782100000,0x0000000782380000)
 ParOldGen       total 131072K, used 2132K [0x0000000700a00000, 0x0000000708a00000, 0x0000000780380000)
  object space 131072K, 1% used [0x0000000700a00000,0x0000000700c15290,0x0000000708a00000)
 Metaspace       used 9907K, capacity 10193K, committed 10368K, reserved 1058816K
  class space    used 783K, capacity 879K, committed 896K, reserved 1048576K

Card table byte_map: [0x0000000011f20000,0x0000000012520000] byte_map_base: 0x000000000e71b000

Marking Bits: (ParMarkBitMap*) 0x0000000052b14ce0
 Begin Bits: [0x0000000012d20000, 0x0000000015cf8000)
 End Bits:   [0x0000000015cf8000, 0x0000000018cd0000)

Polling page: 0x0000000000e00000

CodeCache: size=245760Kb used=4175Kb max_used=4184Kb free=241584Kb
 bounds [0x0000000002b60000, 0x0000000002f80000, 0x0000000011b60000]
 total_blobs=1930 nmethods=999 adapters=844
 compilation: enabled

Compilation events (10 events):
Event: 135.224 Thread 0x0000000019c83800  993       1       io.Image::getHeight (5 bytes)
Event: 135.224 Thread 0x0000000019c83800 nmethod 993 0x0000000002f6a250 code [0x0000000002f6a3a0, 0x0000000002f6a4b0]
Event: 135.224 Thread 0x0000000019c83800  994       1       io.Image::getImage (5 bytes)
Event: 135.225 Thread 0x0000000019c83800 nmethod 994 0x0000000002f69f90 code [0x0000000002f6a0e0, 0x0000000002f6a1f0]
Event: 135.225 Thread 0x0000000019c83800  995       3       org.lwjgl.opengl.GL11::glTexParameteri (7 bytes)
Event: 135.225 Thread 0x0000000019c83800 nmethod 995 0x0000000002f69c10 code [0x0000000002f69d80, 0x0000000002f69ee8]
Event: 139.661 Thread 0x0000000019c72000  997       4       org.lwjgl.system.MemoryStack::nmalloc (59 bytes)
Event: 139.662 Thread 0x0000000019c72000 nmethod 997 0x0000000002f2b910 code [0x0000000002f2ba40, 0x0000000002f2bad8]
Event: 140.587 Thread 0x0000000019c83800  998       3       models.ModelEntity::setHasFinalPos (6 bytes)
Event: 140.587 Thread 0x0000000019c83800 nmethod 998 0x0000000002f69550 code [0x0000000002f696a0, 0x0000000002f697f0]

GC Heap History (10 events):
Event: 136.369 GC heap before
{Heap before GC invocations=37 (full 0):
 PSYoungGen      total 31232K, used 30720K [0x0000000780380000, 0x0000000782580000, 0x00000007c0000000)
  eden space 29696K, 100% used [0x0000000780380000,0x0000000782080000,0x0000000782080000)
  from space 1536K, 66% used [0x0000000782400000,0x0000000782500000,0x0000000782580000)
  to   space 2560K, 0% used [0x0000000782080000,0x0000000782080000,0x0000000782300000)
 ParOldGen       total 131072K, used 2076K [0x0000000700a00000, 0x0000000708a00000, 0x0000000780380000)
  object space 131072K, 1% used [0x0000000700a00000,0x0000000700c07290,0x0000000708a00000)
 Metaspace       used 9881K, capacity 10129K, committed 10368K, reserved 1058816K
  class space    used 780K, capacity 879K, committed 896K, reserved 1048576K
Event: 136.372 GC heap after
Heap after GC invocations=37 (full 0):
 PSYoungGen      total 30208K, used 1024K [0x0000000780380000, 0x0000000782500000, 0x00000007c0000000)
  eden space 29184K, 0% used [0x0000000780380000,0x0000000780380000,0x0000000782000000)
  from space 1024K, 100% used [0x0000000782080000,0x0000000782180000,0x0000000782180000)
  to   space 2560K, 0% used [0x0000000782280000,0x0000000782280000,0x0000000782500000)
 ParOldGen       total 131072K, used 2076K [0x0000000700a00000, 0x0000000708a00000, 0x0000000780380000)
  object space 131072K, 1% used [0x0000000700a00000,0x0000000700c07290,0x0000000708a00000)
 Metaspace       used 9881K, capacity 10129K, committed 10368K, reserved 1058816K
  class space    used 780K, capacity 879K, committed 896K, reserved 1048576K
}
Event: 138.019 GC heap before
{Heap before GC invocations=38 (full 0):
 PSYoungGen      total 30208K, used 30208K [0x0000000780380000, 0x0000000782500000, 0x00000007c0000000)
  eden space 29184K, 100% used [0x0000000780380000,0x0000000782000000,0x0000000782000000)
  from space 1024K, 100% used [0x0000000782080000,0x0000000782180000,0x0000000782180000)
  to   space 2560K, 0% used [0x0000000782280000,0x0000000782280000,0x0000000782500000)
 ParOldGen       total 131072K, used 2076K [0x0000000700a00000, 0x0000000708a00000, 0x0000000780380000)
  object space 131072K, 1% used [0x0000000700a00000,0x0000000700c07290,0x0000000708a00000)
 Metaspace       used 9881K, capacity 10129K, committed 10368K, reserved 1058816K
  class space    used 780K, capacity 879K, committed 896K, reserved 1048576K
Event: 138.022 GC heap after
Heap after GC invocations=38 (full 0):
 PSYoungGen      total 30720K, used 992K [0x0000000780380000, 0x0000000782480000, 0x00000007c0000000)
  eden space 28672K, 0% used [0x0000000780380000,0x0000000780380000,0x0000000781f80000)
  from space 2048K, 48% used [0x0000000782280000,0x0000000782378000,0x0000000782480000)
  to   space 2560K, 0% used [0x0000000781f80000,0x0000000781f80000,0x0000000782200000)
 ParOldGen       total 131072K, used 2100K [0x0000000700a00000, 0x0000000708a00000, 0x0000000780380000)
  object space 131072K, 1% used [0x0000000700a00000,0x0000000700c0d290,0x0000000708a00000)
 Metaspace       used 9881K, capacity 10129K, committed 10368K, reserved 1058816K
  class space    used 780K, capacity 879K, committed 896K, reserved 1048576K
}
Event: 139.653 GC heap before
{Heap before GC invocations=39 (full 0):
 PSYoungGen      total 30720K, used 29664K [0x0000000780380000, 0x0000000782480000, 0x00000007c0000000)
  eden space 28672K, 100% used [0x0000000780380000,0x0000000781f80000,0x0000000781f80000)
  from space 2048K, 48% used [0x0000000782280000,0x0000000782378000,0x0000000782480000)
  to   space 2560K, 0% used [0x0000000781f80000,0x0000000781f80000,0x0000000782200000)
 ParOldGen       total 131072K, used 2100K [0x0000000700a00000, 0x0000000708a00000, 0x0000000780380000)
  object space 131072K, 1% used [0x0000000700a00000,0x0000000700c0d290,0x0000000708a00000)
 Metaspace       used 9881K, capacity 10129K, committed 10368K, reserved 1058816K
  class space    used 780K, capacity 879K, committed 896K, reserved 1048576K
Event: 139.655 GC heap after
Heap after GC invocations=39 (full 0):
 PSYoungGen      total 29184K, used 960K [0x0000000780380000, 0x0000000782400000, 0x00000007c0000000)
  eden space 28160K, 0% used [0x0000000780380000,0x0000000780380000,0x0000000781f00000)
  from space 1024K, 93% used [0x0000000781f80000,0x0000000782070000,0x0000000782080000)
  to   space 2560K, 0% used [0x0000000782180000,0x0000000782180000,0x0000000782400000)
 ParOldGen       total 131072K, used 2100K [0x0000000700a00000, 0x0000000708a00000, 0x0000000780380000)
  object space 131072K, 1% used [0x0000000700a00000,0x0000000700c0d290,0x0000000708a00000)
 Metaspace       used 9881K, capacity 10129K, committed 10368K, reserved 1058816K
  class space    used 780K, capacity 879K, committed 896K, reserved 1048576K
}
Event: 141.186 GC heap before
{Heap before GC invocations=40 (full 0):
 PSYoungGen      total 29184K, used 29120K [0x0000000780380000, 0x0000000782400000, 0x00000007c0000000)
  eden space 28160K, 100% used [0x0000000780380000,0x0000000781f00000,0x0000000781f00000)
  from space 1024K, 93% used [0x0000000781f80000,0x0000000782070000,0x0000000782080000)
  to   space 2560K, 0% used [0x0000000782180000,0x0000000782180000,0x0000000782400000)
 ParOldGen       total 131072K, used 2100K [0x0000000700a00000, 0x0000000708a00000, 0x0000000780380000)
  object space 131072K, 1% used [0x0000000700a00000,0x0000000700c0d290,0x0000000708a00000)
 Metaspace       used 9881K, capacity 10129K, committed 10368K, reserved 1058816K
  class space    used 780K, capacity 879K, committed 896K, reserved 1048576K
Event: 141.189 GC heap after
Heap after GC invocations=40 (full 0):
 PSYoungGen      total 29696K, used 1024K [0x0000000780380000, 0x0000000782380000, 0x00000007c0000000)
  eden space 27648K, 0% used [0x0000000780380000,0x0000000780380000,0x0000000781e80000)
  from space 2048K, 50% used [0x0000000782180000,0x0000000782280000,0x0000000782380000)
  to   space 2560K, 0% used [0x0000000781e80000,0x0000000781e80000,0x0000000782100000)
 ParOldGen       total 131072K, used 2108K [0x0000000700a00000, 0x0000000708a00000, 0x0000000780380000)
  object space 131072K, 1% used [0x0000000700a00000,0x0000000700c0f290,0x0000000708a00000)
 Metaspace       used 9881K, capacity 10129K, committed 10368K, reserved 1058816K
  class space    used 780K, capacity 879K, committed 896K, reserved 1048576K
}
Event: 142.603 GC heap before
{Heap before GC invocations=41 (full 0):
 PSYoungGen      total 29696K, used 28672K [0x0000000780380000, 0x0000000782380000, 0x00000007c0000000)
  eden space 27648K, 100% used [0x0000000780380000,0x0000000781e80000,0x0000000781e80000)
  from space 2048K, 50% used [0x0000000782180000,0x0000000782280000,0x0000000782380000)
  to   space 2560K, 0% used [0x0000000781e80000,0x0000000781e80000,0x0000000782100000)
 ParOldGen       total 131072K, used 2108K [0x0000000700a00000, 0x0000000708a00000, 0x0000000780380000)
  object space 131072K, 1% used [0x0000000700a00000,0x0000000700c0f290,0x0000000708a00000)
 Metaspace       used 9881K, capacity 10129K, committed 10368K, reserved 1058816K
  class space    used 780K, capacity 879K, committed 896K, reserved 1048576K
Event: 142.606 GC heap after
Heap after GC invocations=41 (full 0):
 PSYoungGen      total 30208K, used 960K [0x0000000780380000, 0x0000000782380000, 0x00000007c0000000)
  eden space 27648K, 0% used [0x0000000780380000,0x0000000780380000,0x0000000781e80000)
  from space 2560K, 37% used [0x0000000781e80000,0x0000000781f70000,0x0000000782100000)
  to   space 2560K, 0% used [0x0000000782100000,0x0000000782100000,0x0000000782380000)
 ParOldGen       total 131072K, used 2132K [0x0000000700a00000, 0x0000000708a00000, 0x0000000780380000)
  object space 131072K, 1% used [0x0000000700a00000,0x0000000700c15290,0x0000000708a00000)
 Metaspace       used 9881K, capacity 10129K, committed 10368K, reserved 1058816K
  class space    used 780K, capacity 879K, committed 896K, reserved 1048576K
}

Deoptimization events (10 events):
Event: 8.172 Thread 0x0000000002a62800 Uncommon trap: reason=unstable_if action=reinterpret pc=0x0000000002e85774 method=io.Window.isKeyDown(I)Z @ 9
Event: 11.314 Thread 0x0000000002b51000 Uncommon trap: reason=class_check action=maybe_recompile pc=0x0000000002ead564 method=java.lang.ref.Reference.tryHandlePending(Z)Z @ 17
Event: 11.314 Thread 0x0000000002b51000 Uncommon trap: reason=class_check action=maybe_recompile pc=0x0000000002ead564 method=java.lang.ref.Reference.tryHandlePending(Z)Z @ 17
Event: 11.314 Thread 0x0000000002b51000 Uncommon trap: reason=class_check action=maybe_recompile pc=0x0000000002ead564 method=java.lang.ref.Reference.tryHandlePending(Z)Z @ 17
Event: 11.314 Thread 0x0000000002b51000 Uncommon trap: reason=class_check action=maybe_recompile pc=0x0000000002ead564 method=java.lang.ref.Reference.tryHandlePending(Z)Z @ 17
Event: 37.571 Thread 0x0000000002a62800 Uncommon trap: reason=unstable_if action=reinterpret pc=0x0000000002f33cc0 method=game.Game.run()V @ 1486
Event: 37.596 Thread 0x0000000002a62800 Uncommon trap: reason=unstable_if action=reinterpret pc=0x0000000002ea9bc0 method=game.Game.deleteLayer()V @ 44
Event: 37.596 Thread 0x0000000002a62800 Uncommon trap: reason=unstable_if action=reinterpret pc=0x0000000002f0bf04 method=java.util.ArrayList.indexOf(Ljava/lang/Object;)I @ 41
Event: 37.596 Thread 0x0000000002a62800 Uncommon trap: reason=unstable_if action=reinterpret pc=0x0000000002ed2408 method=game.Game.getHighestPos(FF)F @ 37
Event: 143.010 Thread 0x0000000002a62800 Uncommon trap: reason=unstable_if action=reinterpret pc=0x0000000002f53ad4 method=game.Game.controllFields()V @ 95

Classes redefined (0 events):
No events

Internal exceptions (10 events):
Event: 0.181 Thread 0x0000000002a62800 Exception <a 'java/lang/NoSuchMethodError': java.lang.Object.lambda$static$0(Ljava/lang/String;)Ljava/lang/Boolean;> (0x00000007806fae10) thrown at [C:\re\workspace\8-2-build-windows-amd64-cygwin\jdk8u201\12322\hotspot\src\share\vm\interpreter\linkResolve
Event: 0.193 Thread 0x0000000002a62800 Exception <a 'java/lang/NoSuchFieldError': method resolution failed> (0x0000000780772b90) thrown at [C:\re\workspace\8-2-build-windows-amd64-cygwin\jdk8u201\12322\hotspot\src\share\vm\prims\methodHandles.cpp, line 1167]
Event: 0.195 Thread 0x0000000002a62800 Exception <a 'java/lang/NoSuchFieldError': method resolution failed> (0x000000078077ff90) thrown at [C:\re\workspace\8-2-build-windows-amd64-cygwin\jdk8u201\12322\hotspot\src\share\vm\prims\methodHandles.cpp, line 1167]
Event: 0.280 Thread 0x0000000002a62800 Exception <a 'java/security/PrivilegedActionException'> (0x00000007808dd830) thrown at [C:\re\workspace\8-2-build-windows-amd64-cygwin\jdk8u201\12322\hotspot\src\share\vm\prims\jvm.cpp, line 1502]
Event: 0.280 Thread 0x0000000002a62800 Exception <a 'java/security/PrivilegedActionException'> (0x00000007808dda40) thrown at [C:\re\workspace\8-2-build-windows-amd64-cygwin\jdk8u201\12322\hotspot\src\share\vm\prims\jvm.cpp, line 1502]
Event: 0.280 Thread 0x0000000002a62800 Exception <a 'java/security/PrivilegedActionException'> (0x00000007808e16b0) thrown at [C:\re\workspace\8-2-build-windows-amd64-cygwin\jdk8u201\12322\hotspot\src\share\vm\prims\jvm.cpp, line 1502]
Event: 0.280 Thread 0x0000000002a62800 Exception <a 'java/security/PrivilegedActionException'> (0x00000007808e18c0) thrown at [C:\re\workspace\8-2-build-windows-amd64-cygwin\jdk8u201\12322\hotspot\src\share\vm\prims\jvm.cpp, line 1502]
Event: 1.540 Thread 0x0000000002a62800 Exception <a 'sun/nio/fs/WindowsException'> (0x0000000780b2bc78) thrown at [C:\re\workspace\8-2-build-windows-amd64-cygwin\jdk8u201\12322\hotspot\src\share\vm\prims\jni.cpp, line 709]
Event: 1.540 Thread 0x0000000002a62800 Exception <a 'sun/nio/fs/WindowsException'> (0x0000000780b2c460) thrown at [C:\re\workspace\8-2-build-windows-amd64-cygwin\jdk8u201\12322\hotspot\src\share\vm\prims\jni.cpp, line 709]
Event: 143.032 Thread 0x000000001bf24000 Exception <a 'java/lang/InterruptedException': sleep interrupted> (0x0000000780c23860) thrown at [C:\re\workspace\8-2-build-windows-amd64-cygwin\jdk8u201\12322\hotspot\src\share\vm\prims\jvm.cpp, line 3340]

Events (10 events):
Event: 138.022 Executing VM operation: ParallelGCFailedAllocation done
Event: 139.653 Executing VM operation: ParallelGCFailedAllocation
Event: 139.655 Executing VM operation: ParallelGCFailedAllocation done
Event: 141.186 Executing VM operation: ParallelGCFailedAllocation
Event: 141.189 Executing VM operation: ParallelGCFailedAllocation done
Event: 142.603 Executing VM operation: ParallelGCFailedAllocation
Event: 142.606 Executing VM operation: ParallelGCFailedAllocation done
Event: 143.010 Thread 0x0000000002a62800 Uncommon trap: trap_request=0xffffff65 fr.pc=0x0000000002f53ad4
Event: 143.010 Thread 0x0000000002a62800 DEOPT PACKING pc=0x0000000002f53ad4 sp=0x000000000299f1e0
Event: 143.010 Thread 0x0000000002a62800 DEOPT UNPACKING pc=0x0000000002ba583b sp=0x000000000299f158 mode 2


Dynamic libraries:
0x00007ff63a340000 - 0x00007ff63a377000 	C:\Program Files\Java\jre1.8.0_201\bin\javaw.exe
0x00007fff01990000 - 0x00007fff01b71000 	C:\WINDOWS\SYSTEM32\ntdll.dll
0x00007ffefa970000 - 0x00007ffefa982000 	C:\Program Files\AVAST Software\Avast\aswhook.dll
0x00007fff00cd0000 - 0x00007fff00d82000 	C:\WINDOWS\System32\KERNEL32.DLL
0x00007ffefe760000 - 0x00007ffefe9d3000 	C:\WINDOWS\System32\KERNELBASE.dll
0x00007ffeff340000 - 0x00007ffeff3e1000 	C:\WINDOWS\System32\ADVAPI32.dll
0x00007fff011e0000 - 0x00007fff0127e000 	C:\WINDOWS\System32\msvcrt.dll
0x00007fff01080000 - 0x00007fff010db000 	C:\WINDOWS\System32\sechost.dll
0x00007fff00dc0000 - 0x00007fff00ee4000 	C:\WINDOWS\System32\RPCRT4.dll
0x00007fff00ef0000 - 0x00007fff01080000 	C:\WINDOWS\System32\USER32.dll
0x00007ffefe550000 - 0x00007ffefe570000 	C:\WINDOWS\System32\win32u.dll
0x00007ffefee20000 - 0x00007ffefee48000 	C:\WINDOWS\System32\GDI32.dll
0x00007ffefead0000 - 0x00007ffefec62000 	C:\WINDOWS\System32\gdi32full.dll
0x00007ffefe9e0000 - 0x00007ffefea7f000 	C:\WINDOWS\System32\msvcp_win.dll
0x00007ffefec70000 - 0x00007ffefed6a000 	C:\WINDOWS\System32\ucrtbase.dll
0x00007ffef5bd0000 - 0x00007ffef5e39000 	C:\WINDOWS\WinSxS\amd64_microsoft.windows.common-controls_6595b64144ccf1df_6.0.17134.523_none_fb409dd930672a56\COMCTL32.dll
0x00007ffefee50000 - 0x00007ffeff172000 	C:\WINDOWS\System32\combase.dll
0x00007ffefe470000 - 0x00007ffefe4ea000 	C:\WINDOWS\System32\bcryptPrimitives.dll
0x00007fff00d90000 - 0x00007fff00dbd000 	C:\WINDOWS\System32\IMM32.DLL
0x0000000052210000 - 0x00000000522e1000 	C:\Program Files\Java\jre1.8.0_201\bin\msvcr100.dll
0x00000000522f0000 - 0x0000000052b94000 	C:\Program Files\Java\jre1.8.0_201\bin\server\jvm.dll
0x00007fff018a0000 - 0x00007fff018a8000 	C:\WINDOWS\System32\PSAPI.DLL
0x00007ffef6a00000 - 0x00007ffef6a09000 	C:\WINDOWS\SYSTEM32\WSOCK32.dll
0x00007fff016d0000 - 0x00007fff0173c000 	C:\WINDOWS\System32\WS2_32.dll
0x00007ffefc040000 - 0x00007ffefc063000 	C:\WINDOWS\SYSTEM32\WINMM.dll
0x00007ffef9720000 - 0x00007ffef972a000 	C:\WINDOWS\SYSTEM32\VERSION.dll
0x00007ffefbfc0000 - 0x00007ffefbfea000 	C:\WINDOWS\SYSTEM32\WINMMBASE.dll
0x00007ffefea80000 - 0x00007ffefeac9000 	C:\WINDOWS\System32\cfgmgr32.dll
0x00007ffef9780000 - 0x00007ffef978f000 	C:\Program Files\Java\jre1.8.0_201\bin\verify.dll
0x00007ffef0e30000 - 0x00007ffef0e59000 	C:\Program Files\Java\jre1.8.0_201\bin\java.dll
0x00007ffef87f0000 - 0x00007ffef8806000 	C:\Program Files\Java\jre1.8.0_201\bin\zip.dll
0x00007ffeff3f0000 - 0x00007fff00830000 	C:\WINDOWS\System32\SHELL32.dll
0x00007fff00c20000 - 0x00007fff00cc9000 	C:\WINDOWS\System32\shcore.dll
0x00007ffefdd60000 - 0x00007ffefe46d000 	C:\WINDOWS\System32\windows.storage.dll
0x00007fff00bc0000 - 0x00007fff00c11000 	C:\WINDOWS\System32\shlwapi.dll
0x00007ffefdca0000 - 0x00007ffefdcb1000 	C:\WINDOWS\System32\kernel.appcore.dll
0x00007ffefdd30000 - 0x00007ffefdd4f000 	C:\WINDOWS\System32\profapi.dll
0x00007ffefdcc0000 - 0x00007ffefdd0c000 	C:\WINDOWS\System32\powrprof.dll
0x00007ffefdd50000 - 0x00007ffefdd5a000 	C:\WINDOWS\System32\FLTLIB.DLL
0x00007ffef41a0000 - 0x00007ffef41ba000 	C:\Program Files\Java\jre1.8.0_201\bin\net.dll
0x00007ffeef930000 - 0x00007ffeefaf9000 	C:\WINDOWS\SYSTEM32\urlmon.dll
0x00007ffef0310000 - 0x00007ffef05b5000 	C:\WINDOWS\SYSTEM32\iertutil.dll
0x00007ffefd670000 - 0x00007ffefd67b000 	C:\WINDOWS\SYSTEM32\CRYPTBASE.DLL
0x00007ffefd4c0000 - 0x00007ffefd526000 	C:\WINDOWS\system32\mswsock.dll
0x00007ffef3e80000 - 0x00007ffef3e91000 	C:\Program Files\Java\jre1.8.0_201\bin\nio.dll
0x00007ffef5af0000 - 0x00007ffef5b53000 	C:\Users\Vicky\AppData\Local\Temp\lwjglVicky\3.2.1-build-12\lwjgl.dll
0x00007ffef5a70000 - 0x00007ffef5ae9000 	C:\Users\Vicky\AppData\Local\Temp\lwjglVicky\3.2.1-build-12\lwjgl_stb.dll
0x00007ffef0780000 - 0x00007ffef07de000 	C:\Users\Vicky\AppData\Local\Temp\lwjglVicky\3.2.1-build-12\glfw.dll
0x00007ffefc2b0000 - 0x00007ffefc348000 	C:\WINDOWS\system32\uxtheme.dll
0x00007ffedf0a0000 - 0x00007ffedf0e3000 	C:\WINDOWS\SYSTEM32\dinput8.dll
0x00007ffefa960000 - 0x00007ffefa970000 	C:\WINDOWS\SYSTEM32\xinput1_4.dll
0x00007ffefdab0000 - 0x00007ffefdad7000 	C:\WINDOWS\SYSTEM32\DEVOBJ.dll
0x00007ffefc430000 - 0x00007ffefc459000 	C:\WINDOWS\SYSTEM32\dwmapi.dll
0x00007ffef84c0000 - 0x00007ffef8539000 	C:\WINDOWS\SYSTEM32\inputhost.dll
0x00007ffefbba0000 - 0x00007ffefbc7a000 	C:\WINDOWS\SYSTEM32\CoreMessaging.dll
0x00007ffef9d20000 - 0x00007ffef9e6d000 	C:\WINDOWS\SYSTEM32\wintypes.dll
0x00007ffef8ab0000 - 0x00007ffef8dce000 	C:\WINDOWS\SYSTEM32\CoreUIComponents.dll
0x00007ffefcd90000 - 0x00007ffefcdc1000 	C:\WINDOWS\SYSTEM32\ntmarta.dll
0x00007fff00a40000 - 0x00007fff00bb3000 	C:\WINDOWS\System32\MSCTF.dll
0x00007fff00890000 - 0x00007fff00952000 	C:\WINDOWS\System32\OLEAUT32.dll
0x00007ffeeca50000 - 0x00007ffeecb68000 	C:\WINDOWS\system32\rlls64.dll
0x00007fff01740000 - 0x00007fff01891000 	C:\WINDOWS\System32\ole32.dll
0x00007ffeec800000 - 0x00007ffeec86b000 	C:\WINDOWS\system32\OLEACC.dll
0x00007ffef1850000 - 0x00007ffef1d0e000 	C:\WINDOWS\system32\WININET.dll
0x00007ffefc9d0000 - 0x00007ffefc9dc000 	C:\WINDOWS\SYSTEM32\HID.DLL
0x00007fff01280000 - 0x00007fff016cb000 	C:\WINDOWS\System32\SETUPAPI.DLL
0x00007ffefe4f0000 - 0x00007ffefe547000 	C:\WINDOWS\System32\WINTRUST.dll
0x00007ffefdd10000 - 0x00007ffefdd22000 	C:\WINDOWS\System32\MSASN1.dll
0x00007ffefe570000 - 0x00007ffefe752000 	C:\WINDOWS\System32\CRYPT32.dll
0x00007ffefcfe0000 - 0x00007ffefd059000 	C:\WINDOWS\SYSTEM32\Schannel.dll
0x00007ffefdbd0000 - 0x00007ffefdc00000 	C:\WINDOWS\SYSTEM32\SspiCli.dll
0x00007ffee1c10000 - 0x00007ffee1d30000 	C:\WINDOWS\SYSTEM32\opengl32.dll
0x00007ffef6a20000 - 0x00007ffef6a4c000 	C:\WINDOWS\SYSTEM32\GLU32.dll
0x00000000504c0000 - 0x0000000052206000 	C:\WINDOWS\SYSTEM32\nvoglv64.DLL
0x00007ffefa990000 - 0x00007ffefa9a3000 	C:\WINDOWS\SYSTEM32\WTSAPI32.dll
0x00007ffefd6a0000 - 0x00007ffefd6f6000 	C:\WINDOWS\SYSTEM32\WINSTA.dll
0x00007ffefca60000 - 0x00007ffefcb1b000 	C:\WINDOWS\SYSTEM32\dxgi.dll
0x00007ffefade0000 - 0x00007ffefb0eb000 	C:\WINDOWS\SYSTEM32\d3d11.dll
0x00007ffedad80000 - 0x00007ffedbedb000 	C:\WINDOWS\SYSTEM32\nvwgf2umx.dll
0x00007ffefd800000 - 0x00007ffefd825000 	C:\WINDOWS\SYSTEM32\bcrypt.dll
0x0000000180000000 - 0x0000000180188000 	C:\WINDOWS\system32\nvspcap64.dll
0x00007ffee91d0000 - 0x00007ffee9228000 	C:\Users\Vicky\AppData\Local\Temp\lwjglVicky\3.2.1-build-12\lwjgl_opengl.dll
0x00007ffef9fb0000 - 0x00007ffefa058000 	C:\WINDOWS\SYSTEM32\mscms.dll
0x00007ffefdba0000 - 0x00007ffefdbc8000 	C:\WINDOWS\SYSTEM32\USERENV.dll
0x00007ffefc120000 - 0x00007ffefc130000 	C:\WINDOWS\SYSTEM32\ColorAdapterClient.dll
0x00007ffee8770000 - 0x00007ffee87b3000 	C:\WINDOWS\SYSTEM32\icm32.dll
0x00007ffef8540000 - 0x00007ffef85d6000 	C:\WINDOWS\System32\TextInputFramework.dll
0x00007ffed68d0000 - 0x00007ffed69e4000 	C:\Users\Vicky\AppData\Local\Temp\lwjglVicky\3.2.1-build-12\OpenAL.dll
0x00007fff018c0000 - 0x00007fff01960000 	C:\WINDOWS\System32\clbcatq.dll
0x00007ffef7ae0000 - 0x00007ffef7b56000 	C:\WINDOWS\System32\MMDevApi.dll
0x00007ffefa770000 - 0x00007ffefa924000 	C:\WINDOWS\System32\PROPSYS.dll
0x00007ffef01e0000 - 0x00007ffef030c000 	C:\WINDOWS\SYSTEM32\AUDIOSES.DLL
0x00007ffef9410000 - 0x00007ffef941a000 	C:\WINDOWS\SYSTEM32\AVRT.dll
0x00007ffeefe10000 - 0x00007ffeeffd9000 	C:\WINDOWS\SYSTEM32\dbghelp.dll

VM Arguments:
jvm_args: -Dfile.encoding=Cp1252 
java_command: main.Main
java_class_path (initial): E:\Java\workspace\Tetris3DGame\Tetris3DGame\bin;E:\Java\workspace\Tetris3DGame\Tetris3DGame\lib\ibxm.jar;E:\Java\workspace\Tetris3DGame\Tetris3DGame\lib\jogg-0.0.7.jar;E:\Java\workspace\Tetris3DGame\Tetris3DGame\lib\joml-1.9.12.jar;E:\Java\workspace\Tetris3DGame\Tetris3DGame\lib\jorbis-0.0.15.jar;E:\Java\workspace\Tetris3DGame\Tetris3DGame\lib\lwjgl-assimp-natives-linux.jar;E:\Java\workspace\Tetris3DGame\Tetris3DGame\lib\lwjgl-assimp-natives-macos.jar;E:\Java\workspace\Tetris3DGame\Tetris3DGame\lib\lwjgl-assimp-natives-windows.jar;E:\Java\workspace\Tetris3DGame\Tetris3DGame\lib\lwjgl-assimp.jar;E:\Java\workspace\Tetris3DGame\Tetris3DGame\lib\lwjgl-glfw-natives-linux.jar;E:\Java\workspace\Tetris3DGame\Tetris3DGame\lib\lwjgl-glfw-natives-macos.jar;E:\Java\workspace\Tetris3DGame\Tetris3DGame\lib\lwjgl-glfw-natives-windows.jar;E:\Java\workspace\Tetris3DGame\Tetris3DGame\lib\lwjgl-glfw.jar;E:\Java\workspace\Tetris3DGame\Tetris3DGame\lib\lwjgl-natives-linux.jar;E:\Java\workspace\Tetris3DGame\Tetris3DGame\lib\lwjgl-natives-macos.jar;E:\Java\workspace\Tetris3DGame\Tetris3DGame\lib\lwjgl-natives-windows.jar;E:\Java\workspace\Tetris3DGame\Tetris3DGame\lib\lwjgl-openal-natives-linux.jar;E:\Java\workspace\Tetris3DGame\Tetris3DGame\lib\lwjgl-openal-natives-macos.jar;E:\Java\workspace\Tetris3DGame\Tetris3DGame\lib\lwjgl-openal-natives-windows.jar;E:\Java\workspace\Tetris3DGame\Tetris3DGame\lib\lwjgl-openal.jar;E:\Java\workspace\Tetris3DGame\Tetris3DGame\lib\lwjgl-opengl-natives-linux.jar;E:\Java\workspace\Tetris3DGame\Tetris3DGame\lib\lwjgl-opengl-natives-macos.jar;E:\Java\workspace\Tetris3DGame\Tetris3DGame\lib\lwjgl-opengl-natives-windows.jar;E:\Java\workspace\Tetris3DGame\Tetris3DGame\lib\lwjgl-opengl.jar;E:\Java\workspace\Tetris3DGame\Tetris3DGame\lib\lwjgl-stb-natives-linux.jar;E:\Java\workspace\Tetris3DGame\Tetris3DGame\lib\lwjgl-stb-natives-macos.jar;E:\Java\workspace\Tetris3DGame\Tetris3DGame\lib\lwjgl-stb-natives-windows.jar;E:\Java\workspace
Launcher Type: SUN_STANDARD

Environment Variables:
PATH=C:/Program Files/Java/jre1.8.0_201/bin/server;C:/Program Files/Java/jre1.8.0_201/bin;C:/Program Files/Java/jre1.8.0_201/lib/amd64;C:\Program Files (x86)\Common Files\Oracle\Java\javapath;C:\WINDOWS\system32;C:\WINDOWS;C:\WINDOWS\System32\Wbem;C:\WINDOWS\System32\WindowsPowerShell\v1.0\;C:\WINDOWS\System32\OpenSSH\;C:\Program Files (x86)\NVIDIA Corporation\PhysX\Common;C:\Users\Vicky\AppData\Local\Microsoft\WindowsApps;C:\Users\Vicky\AppData\Local\GitHubDesktop\bin;C:\Users\Vicky\AppData\Local\atom\bin;C:\Users\Vicky\Desktop\eclipse-java-2018-12-R-win32-x86_64\eclipse;
USERNAME=Vicky
OS=Windows_NT
PROCESSOR_IDENTIFIER=Intel64 Family 6 Model 42 Stepping 7, GenuineIntel



---------------  S Y S T E M  ---------------

OS: Windows 10.0 , 64 bit Build 17134 (10.0.17134.1)

CPU:total 4 (initial active 4) (4 cores per cpu, 1 threads per core) family 6 model 42 stepping 7, cmov, cx8, fxsr, mmx, sse, sse2, sse3, ssse3, sse4.1, sse4.2, popcnt, avx, aes, clmul, tsc, tscinvbit

Memory: 4k page, physical 12538928k(6877436k free), swap 14439472k(5997948k free)

vm_info: Java HotSpot(TM) 64-Bit Server VM (25.201-b09) for windows-amd64 JRE (1.8.0_201-b09), built on Dec 15 2018 18:36:39 by "java_re" with MS VC++ 10.0 (VS2010)

time: Sun Jan 27 13:28:09 2019
timezone: Mitteleuropäische Zeit
elapsed time: 143 seconds (0d 0h 2m 23s)

